This is pdfTeX, Version 3.1415926-2.3-1.40.12 (TeX Live 2011) (format=pdflatex 2011.7.3)  24 APR 2013 16:49
entering extended mode
 restricted \write18 enabled.
 %&-line parsing enabled.
**"Proposal 02_01_12.tex"
(./Proposal 02_01_12.tex
LaTeX2e <2009/09/24>
Babel <v3.8l> and hyphenation patterns for english, dumylang, nohyphenation, ge
rman-x-2009-06-19, ngerman-x-2009-06-19, afrikaans, ancientgreek, ibycus, arabi
c, armenian, basque, bulgarian, catalan, pinyin, coptic, croatian, czech, danis
h, dutch, ukenglish, usenglishmax, esperanto, estonian, ethiopic, farsi, finnis
h, french, galician, german, ngerman, swissgerman, monogreek, greek, hungarian,
 icelandic, assamese, bengali, gujarati, hindi, kannada, malayalam, marathi, or
iya, panjabi, tamil, telugu, indonesian, interlingua, irish, italian, kurmanji,
 lao, latin, latvian, lithuanian, mongolian, mongolianlmc, bokmal, nynorsk, pol
ish, portuguese, romanian, russian, sanskrit, serbian, serbianc, slovak, sloven
ian, spanish, swedish, turkish, turkmen, ukrainian, uppersorbian, welsh, loaded
.
(/usr/local/texlive/2011/texmf-dist/tex/latex/base/article.cls
Document Class: article 2007/10/19 v1.4h Standard LaTeX document class
(/usr/local/texlive/2011/texmf-dist/tex/latex/base/size12.clo
File: size12.clo 2007/10/19 v1.4h Standard LaTeX file (size option)
)
\c@part=\count79
\c@section=\count80
\c@subsection=\count81
\c@subsubsection=\count82
\c@paragraph=\count83
\c@subparagraph=\count84
\c@figure=\count85
\c@table=\count86
\abovecaptionskip=\skip41
\belowcaptionskip=\skip42
\bibindent=\dimen102
)
(./nips10submit_e.sty
(/usr/local/texlive/2011/texmf-dist/tex/latex/eso-pic/eso-pic.sty
Package: eso-pic 2010/10/06 v2.0c eso-pic (RN)

(/usr/local/texlive/2011/texmf-dist/tex/generic/oberdiek/atbegshi.sty
Package: atbegshi 2011/01/30 v1.15 At begin shipout hook (HO)

(/usr/local/texlive/2011/texmf-dist/tex/generic/oberdiek/infwarerr.sty
Package: infwarerr 2010/04/08 v1.3 Providing info/warning/message (HO)
)
(/usr/local/texlive/2011/texmf-dist/tex/generic/oberdiek/ltxcmds.sty
Package: ltxcmds 2011/04/18 v1.20 LaTeX kernel commands for general use (HO)
)
(/usr/local/texlive/2011/texmf-dist/tex/generic/oberdiek/ifpdf.sty
Package: ifpdf 2011/01/30 v2.3 Provides the ifpdf switch (HO)
Package ifpdf Info: pdfTeX in PDF mode is detected.
))
(/usr/local/texlive/2011/texmf-dist/tex/latex/graphics/keyval.sty
Package: keyval 1999/03/16 v1.13 key=value parser (DPC)
\KV@toks@=\toks14
)
(/usr/local/texlive/2011/texmf-dist/tex/latex/xcolor/xcolor.sty
Package: xcolor 2007/01/21 v2.11 LaTeX color extensions (UK)

(/usr/local/texlive/2011/texmf-dist/tex/latex/latexconfig/color.cfg
File: color.cfg 2007/01/18 v1.5 color configuration of teTeX/TeXLive
)
Package xcolor Info: Driver file: pdftex.def on input line 225.

(/usr/local/texlive/2011/texmf-dist/tex/latex/pdftex-def/pdftex.def
File: pdftex.def 2011/05/27 v0.06d Graphics/color for pdfTeX
\Gread@gobject=\count87
)
Package xcolor Info: Model `cmy' substituted by `cmy0' on input line 1337.
Package xcolor Info: Model `hsb' substituted by `rgb' on input line 1341.
Package xcolor Info: Model `RGB' extended on input line 1353.
Package xcolor Info: Model `HTML' substituted by `rgb' on input line 1355.
Package xcolor Info: Model `Hsb' substituted by `hsb' on input line 1356.
Package xcolor Info: Model `tHsb' substituted by `hsb' on input line 1357.
Package xcolor Info: Model `HSB' substituted by `hsb' on input line 1358.
Package xcolor Info: Model `Gray' substituted by `gray' on input line 1359.
Package xcolor Info: Model `wave' substituted by `hsb' on input line 1360.
))
\nipsrulerbox=\box26
\nipsrulercount=\count88
\nipsruleroffset=\dimen103
\cv@lineheight=\dimen104
\cv@boxheight=\dimen105
\cv@tmpbox=\box27
\cv@refno=\count89
\cv@tot=\count90
\cv@tmpc@=\count91
\cv@tmpc=\count92
)
(/usr/local/texlive/2011/texmf-dist/tex/latex/psnfss/times.sty
Package: times 2005/04/12 PSNFSS-v9.2a (SPQR) 
)
(/usr/local/texlive/2011/texmf-dist/tex/latex/natbib/natbib.sty
Package: natbib 2010/09/13 8.31b (PWD, AO)
\bibhang=\skip43
\bibsep=\skip44
LaTeX Info: Redefining \cite on input line 694.
\c@NAT@ctr=\count93
)
(/usr/local/texlive/2011/texmf-dist/tex/latex/amsmath/amsmath.sty
Package: amsmath 2000/07/18 v2.13 AMS math features
\@mathmargin=\skip45

For additional information on amsmath, use the `?' option.
(/usr/local/texlive/2011/texmf-dist/tex/latex/amsmath/amstext.sty
Package: amstext 2000/06/29 v2.01

(/usr/local/texlive/2011/texmf-dist/tex/latex/amsmath/amsgen.sty
File: amsgen.sty 1999/11/30 v2.0
\@emptytoks=\toks15
\ex@=\dimen106
))
(/usr/local/texlive/2011/texmf-dist/tex/latex/amsmath/amsbsy.sty
Package: amsbsy 1999/11/29 v1.2d
\pmbraise@=\dimen107
)
(/usr/local/texlive/2011/texmf-dist/tex/latex/amsmath/amsopn.sty
Package: amsopn 1999/12/14 v2.01 operator names
)
\inf@bad=\count94
LaTeX Info: Redefining \frac on input line 211.
\uproot@=\count95
\leftroot@=\count96
LaTeX Info: Redefining \overline on input line 307.
\classnum@=\count97
\DOTSCASE@=\count98
LaTeX Info: Redefining \ldots on input line 379.
LaTeX Info: Redefining \dots on input line 382.
LaTeX Info: Redefining \cdots on input line 467.
\Mathstrutbox@=\box28
\strutbox@=\box29
\big@size=\dimen108
LaTeX Font Info:    Redeclaring font encoding OML on input line 567.
LaTeX Font Info:    Redeclaring font encoding OMS on input line 568.
\macc@depth=\count99
\c@MaxMatrixCols=\count100
\dotsspace@=\muskip10
\c@parentequation=\count101
\dspbrk@lvl=\count102
\tag@help=\toks16
\row@=\count103
\column@=\count104
\maxfields@=\count105
\andhelp@=\toks17
\eqnshift@=\dimen109
\alignsep@=\dimen110
\tagshift@=\dimen111
\tagwidth@=\dimen112
\totwidth@=\dimen113
\lineht@=\dimen114
\@envbody=\toks18
\multlinegap=\skip46
\multlinetaggap=\skip47
\mathdisplay@stack=\toks19
LaTeX Info: Redefining \[ on input line 2666.
LaTeX Info: Redefining \] on input line 2667.
)
(/usr/local/texlive/2011/texmf-dist/tex/latex/graphics/epsfig.sty
Package: epsfig 1999/02/16 v1.7a (e)psfig emulation (SPQR)

(/usr/local/texlive/2011/texmf-dist/tex/latex/graphics/graphicx.sty
Package: graphicx 1999/02/16 v1.0f Enhanced LaTeX Graphics (DPC,SPQR)

(/usr/local/texlive/2011/texmf-dist/tex/latex/graphics/graphics.sty
Package: graphics 2009/02/05 v1.0o Standard LaTeX Graphics (DPC,SPQR)

(/usr/local/texlive/2011/texmf-dist/tex/latex/graphics/trig.sty
Package: trig 1999/03/16 v1.09 sin cos tan (DPC)
)
(/usr/local/texlive/2011/texmf-dist/tex/latex/latexconfig/graphics.cfg
File: graphics.cfg 2010/04/23 v1.9 graphics configuration of TeX Live
)
Package graphics Info: Driver file: pdftex.def on input line 91.
)
\Gin@req@height=\dimen115
\Gin@req@width=\dimen116
)
\epsfxsize=\dimen117
\epsfysize=\dimen118
)
(/usr/local/texlive/2011/texmf-dist/tex/latex/amsfonts/amsfonts.sty
Package: amsfonts 2009/06/22 v3.00 Basic AMSFonts support
\symAMSa=\mathgroup4
\symAMSb=\mathgroup5
LaTeX Font Info:    Overwriting math alphabet `\mathfrak' in version `bold'
(Font)                  U/euf/m/n --> U/euf/b/n on input line 96.
)
(/usr/local/texlive/2011/texmf-dist/tex/latex/subfigure/subfigure.sty
Package: subfigure 2002/03/15 v2.1.5 subfigure package
\subfigtopskip=\skip48
\subfigcapskip=\skip49
\subfigcaptopadj=\dimen119
\subfigbottomskip=\skip50
\subfigcapmargin=\dimen120
\subfiglabelskip=\skip51
\c@subfigure=\count106
\c@lofdepth=\count107
\c@subtable=\count108
\c@lotdepth=\count109

****************************************
* Local config file subfigure.cfg used *
****************************************
(/usr/local/texlive/2011/texmf-dist/tex/latex/subfigure/subfigure.cfg)
\subfig@top=\skip52
\subfig@bottom=\skip53
)
(/usr/local/texlive/2011/texmf-dist/tex/latex/algorithms/algorithm.sty
Package: algorithm 2009/08/24 v0.1 Document Style `algorithm' - floating enviro
nment

(/usr/local/texlive/2011/texmf-dist/tex/latex/float/float.sty
Package: float 2001/11/08 v1.3d Float enhancements (AL)
\c@float@type=\count110
\float@exts=\toks20
\float@box=\box30
\@float@everytoks=\toks21
\@floatcapt=\box31
)
(/usr/local/texlive/2011/texmf-dist/tex/latex/base/ifthen.sty
Package: ifthen 2001/05/26 v1.1c Standard LaTeX ifthen package (DPC)
)
\@float@every@algorithm=\toks22
\c@algorithm=\count111
)
(/usr/local/texlive/2011/texmf-dist/tex/latex/algorithms/algorithmic.sty
Package: algorithmic 2009/08/24 v0.1 Document Style `algorithmic'
\c@ALC@unique=\count112
\c@ALC@line=\count113
\c@ALC@rem=\count114
\c@ALC@depth=\count115
\ALC@tlm=\skip54
\algorithmicindent=\skip55
)
(/usr/local/texlive/2011/texmf-dist/tex/latex/easy/easybmat.sty
Document Style `easybmat' v1.0 <2001/06/13>.
(/usr/local/texlive/2011/texmf-dist/tex/latex/easy/easy.sty
Document Style `easy' v1.1 <2001/05/31>.
Package: easy 2001/05/31 v1.1
\@easy@level=\count116
\@easy@ncol=\count117
\@easy@nrow=\count118
\@easy@cnt=\count119
\@easy@boxviii=\box32
\@easy@minxviii=\dimen121
\@easy@minyviii=\dimen122
\@easy@maxxviii=\dimen123
\@easy@maxyviii=\dimen124
\@easy@boxvii=\box33
\@easy@minxvii=\dimen125
\@easy@minyvii=\dimen126
\@easy@maxxvii=\dimen127
\@easy@maxyvii=\dimen128
\@easy@boxvi=\box34
\@easy@minxvi=\dimen129
\@easy@minyvi=\dimen130
\@easy@maxxvi=\dimen131
\@easy@maxyvi=\dimen132
\@easy@boxv=\box35
\@easy@minxv=\dimen133
\@easy@minyv=\dimen134
\@easy@maxxv=\dimen135
\@easy@maxyv=\dimen136
\@easy@boxiv=\box36
\@easy@minxiv=\dimen137
\@easy@minyiv=\dimen138
\@easy@maxxiv=\dimen139
\@easy@maxyiv=\dimen140
\@easy@boxiii=\box37
\@easy@minxiii=\dimen141
\@easy@minyiii=\dimen142
\@easy@maxxiii=\dimen143
\@easy@maxyiii=\dimen144
\@easy@boxii=\box38
\@easy@minxii=\dimen145
\@easy@minyii=\dimen146
\@easy@maxxii=\dimen147
\@easy@maxyii=\dimen148
\@easy@boxi=\box39
\@easy@minxi=\dimen149
\@easy@minyi=\dimen150
\@easy@maxxi=\dimen151
\@easy@maxyi=\dimen152
\@easy@hsizexxx=\dimen153
\@easy@vsizexxx=\dimen154
\@easy@hsizexxix=\dimen155
\@easy@vsizexxix=\dimen156
\@easy@hsizexxviii=\dimen157
\@easy@vsizexxviii=\dimen158
\@easy@hsizexxvii=\dimen159
\@easy@vsizexxvii=\dimen160
\@easy@hsizexxvi=\dimen161
\@easy@vsizexxvi=\dimen162
\@easy@hsizexxv=\dimen163
\@easy@vsizexxv=\dimen164
\@easy@hsizexxiv=\dimen165
\@easy@vsizexxiv=\dimen166
\@easy@hsizexxiii=\dimen167
\@easy@vsizexxiii=\dimen168
\@easy@hsizexxii=\dimen169
\@easy@vsizexxii=\dimen170
\@easy@hsizexxi=\dimen171
\@easy@vsizexxi=\dimen172
\@easy@hsizexx=\dimen173
\@easy@vsizexx=\dimen174
\@easy@hsizexix=\dimen175
\@easy@vsizexix=\dimen176
\@easy@hsizexviii=\dimen177
\@easy@vsizexviii=\dimen178
\@easy@hsizexvii=\dimen179
\@easy@vsizexvii=\dimen180
\@easy@hsizexvi=\dimen181
\@easy@vsizexvi=\dimen182
\@easy@hsizexv=\dimen183
\@easy@vsizexv=\dimen184
\@easy@hsizexiv=\dimen185
\@easy@vsizexiv=\dimen186
\@easy@hsizexiii=\dimen187
\@easy@vsizexiii=\dimen188
\@easy@hsizexii=\dimen189
\@easy@vsizexii=\dimen190
\@easy@hsizexi=\dimen191
\@easy@vsizexi=\dimen192
\@easy@hsizex=\dimen193
\@easy@vsizex=\dimen194
\@easy@hsizeix=\dimen195
\@easy@vsizeix=\dimen196
\@easy@hsizeviii=\dimen197
\@easy@vsizeviii=\dimen198
\@easy@hsizevii=\dimen199
\@easy@vsizevii=\dimen200
\@easy@hsizevi=\dimen201
\@easy@vsizevi=\dimen202
\@easy@hsizev=\dimen203
\@easy@vsizev=\dimen204
\@easy@hsizeiv=\dimen205
\@easy@vsizeiv=\dimen206
\@easy@hsizeiii=\dimen207
\@easy@vsizeiii=\dimen208
\@easy@hsizeii=\dimen209
\@easy@vsizeii=\dimen210
\@easy@hsizei=\dimen211
\@easy@vsizei=\dimen212
\@easy@dash@len=\dimen213
\@easy@dash@sep=\dimen214
)
Package: easybmat 2001/05/31 v1.1
\@bmat@size@rule=\dimen215
\@bmat@size@dash=\dimen216
) (/usr/local/texlive/2011/texmf-dist/tex/latex/footmisc/footmisc.sty
Package: footmisc 2009/09/15 v5.5a a miscellany of footnote facilities
\FN@temptoken=\toks23
\footnotemargin=\dimen217
\c@pp@next@reset=\count120
Package footmisc Info: Declaring symbol style bringhurst on input line 855.
Package footmisc Info: Declaring symbol style chicago on input line 863.
Package footmisc Info: Declaring symbol style wiley on input line 872.
Package footmisc Info: Declaring symbol style lamport-robust on input line 883.

Package footmisc Info: Declaring symbol style lamport* on input line 903.
Package footmisc Info: Declaring symbol style lamport*-robust on input line 924
.
)
(/usr/local/texlive/2011/texmf-dist/tex/latex/url/url.sty
\Urlmuskip=\muskip11
Package: url 2006/04/12  ver 3.3  Verb mode for urls, etc.
)
(./Proposal 02_01_12.aux)
\openout1 = `"Proposal 02_01_12.aux"'.

LaTeX Font Info:    Checking defaults for OML/cmm/m/it on input line 41.
LaTeX Font Info:    ... okay on input line 41.
LaTeX Font Info:    Checking defaults for T1/cmr/m/n on input line 41.
LaTeX Font Info:    ... okay on input line 41.
LaTeX Font Info:    Checking defaults for OT1/cmr/m/n on input line 41.
LaTeX Font Info:    ... okay on input line 41.
LaTeX Font Info:    Checking defaults for OMS/cmsy/m/n on input line 41.
LaTeX Font Info:    ... okay on input line 41.
LaTeX Font Info:    Checking defaults for OMX/cmex/m/n on input line 41.
LaTeX Font Info:    ... okay on input line 41.
LaTeX Font Info:    Checking defaults for U/cmr/m/n on input line 41.
LaTeX Font Info:    ... okay on input line 41.
LaTeX Font Info:    Try loading font information for OT1+ptm on input line 41.

(/usr/local/texlive/2011/texmf-dist/tex/latex/psnfss/ot1ptm.fd
File: ot1ptm.fd 2001/06/04 font definitions for OT1/ptm.
)
\AtBeginShipoutBox=\box40

(/usr/local/texlive/2011/texmf-dist/tex/context/base/supp-pdf.mkii
[Loading MPS to PDF converter (version 2006.09.02).]
\scratchcounter=\count121
\scratchdimen=\dimen218
\scratchbox=\box41
\nofMPsegments=\count122
\nofMParguments=\count123
\everyMPshowfont=\toks24
\MPscratchCnt=\count124
\MPscratchDim=\dimen219
\MPnumerator=\count125
\makeMPintoPDFobject=\count126
\everyMPtoPDFconversion=\toks25
) (/usr/local/texlive/2011/texmf-dist/tex/generic/oberdiek/pdftexcmds.sty
Package: pdftexcmds 2011/04/22 v0.16 Utilities of pdfTeX for LuaTeX (HO)

(/usr/local/texlive/2011/texmf-dist/tex/generic/oberdiek/ifluatex.sty
Package: ifluatex 2010/03/01 v1.3 Provides the ifluatex switch (HO)
Package ifluatex Info: LuaTeX not detected.
)
Package pdftexcmds Info: LuaTeX not detected.
Package pdftexcmds Info: \pdf@primitive is available.
Package pdftexcmds Info: \pdf@ifprimitive is available.
Package pdftexcmds Info: \pdfdraftmode found.
)
(/usr/local/texlive/2011/texmf-dist/tex/latex/oberdiek/epstopdf-base.sty
Package: epstopdf-base 2010/02/09 v2.5 Base part for package epstopdf

(/usr/local/texlive/2011/texmf-dist/tex/latex/oberdiek/grfext.sty
Package: grfext 2010/08/19 v1.1 Managing graphics extensions (HO)

(/usr/local/texlive/2011/texmf-dist/tex/generic/oberdiek/kvdefinekeys.sty
Package: kvdefinekeys 2011/04/07 v1.3 Defining keys (HO)
))
(/usr/local/texlive/2011/texmf-dist/tex/latex/oberdiek/kvoptions.sty
Package: kvoptions 2010/12/23 v3.10 Keyval support for LaTeX options (HO)

(/usr/local/texlive/2011/texmf-dist/tex/generic/oberdiek/kvsetkeys.sty
Package: kvsetkeys 2011/04/07 v1.13 Key value parser (HO)

(/usr/local/texlive/2011/texmf-dist/tex/generic/oberdiek/etexcmds.sty
Package: etexcmds 2011/02/16 v1.5 Prefix for e-TeX command names (HO)
Package etexcmds Info: Could not find \expanded.
(etexcmds)             That can mean that you are not using pdfTeX 1.50 or
(etexcmds)             that some package has redefined \expanded.
(etexcmds)             In the latter case, load this package earlier.
)))
Package grfext Info: Graphics extension search list:
(grfext)             [.png,.pdf,.jpg,.mps,.jpeg,.jbig2,.jb2,.PNG,.PDF,.JPG,.JPE
G,.JBIG2,.JB2,.eps]
(grfext)             \AppendGraphicsExtensions on input line 452.

(/usr/local/texlive/2011/texmf-dist/tex/latex/latexconfig/epstopdf-sys.cfg
File: epstopdf-sys.cfg 2010/07/13 v1.3 Configuration of (r)epstopdf for TeX Liv
e
))
LaTeX Font Info:    Font shape `OT1/ptm/bx/n' in size <17.28> not available
(Font)              Font shape `OT1/ptm/b/n' tried instead on input line 43.
LaTeX Font Info:    Try loading font information for U+msa on input line 43.

(/usr/local/texlive/2011/texmf-dist/tex/latex/amsfonts/umsa.fd
File: umsa.fd 2009/06/22 v3.00 AMS symbols A
)
LaTeX Font Info:    Try loading font information for U+msb on input line 43.

(/usr/local/texlive/2011/texmf-dist/tex/latex/amsfonts/umsb.fd
File: umsb.fd 2009/06/22 v3.00 AMS symbols B
)
LaTeX Font Info:    Font shape `OT1/ptm/bx/n' in size <10> not available
(Font)              Font shape `OT1/ptm/b/n' tried instead on input line 43.
LaTeX Font Info:    Try loading font information for OT1+pcr on input line 43.

(/usr/local/texlive/2011/texmf-dist/tex/latex/psnfss/ot1pcr.fd
File: ot1pcr.fd 2001/06/04 font definitions for OT1/pcr.
)
LaTeX Font Info:    Try loading font information for OMS+pcr on input line 43.

(/usr/local/texlive/2011/texmf-dist/tex/latex/psnfss/omspcr.fd
File: omspcr.fd 
)
LaTeX Font Info:    Font shape `OMS/pcr/m/n' in size <10> not available
(Font)              Font shape `OMS/cmsy/m/n' tried instead on input line 43.
LaTeX Font Info:    Font shape `OT1/ptm/bx/n' in size <12> not available
(Font)              Font shape `OT1/ptm/b/n' tried instead on input line 46.

Underfull \hbox (badness 10000) in paragraph at lines 65--77

 []

[1

{/usr/local/texlive/2011/texmf-var/fonts/map/pdftex/updmap/pdftex.map}]
<greeting.png, id=10, 722.7pt x 1284.8pt>
File: greeting.png Graphic file (type png)
 <use greeting.png>
Package pdftex.def Info: greeting.png used on input line 113.
(pdftex.def)             Requested size: 186.81354pt x 293.69002pt.

<enter_passcode.png, id=12, 722.7pt x 1284.8pt>
File: enter_passcode.png Graphic file (type png)
 <use enter_passcode.png>
Package pdftex.def Info: enter_passcode.png used on input line 114.
(pdftex.def)             Requested size: 186.81354pt x 293.69002pt.

<enter_ticker.png, id=14, 722.7pt x 1284.8pt>
File: enter_ticker.png Graphic file (type png)
 <use enter_ticker.png>
Package pdftex.def Info: enter_ticker.png used on input line 115.
(pdftex.def)             Requested size: 186.81354pt x 293.69002pt.

<data_info.png, id=16, 722.7pt x 1284.8pt>
File: data_info.png Graphic file (type png)
 <use data_info.png>
Package pdftex.def Info: data_info.png used on input line 127.
(pdftex.def)             Requested size: 186.81354pt x 293.69002pt.

<email_alert.png, id=18, 722.7pt x 1284.8pt>
File: email_alert.png Graphic file (type png)
 <use email_alert.png>
Package pdftex.def Info: email_alert.png used on input line 128.
(pdftex.def)             Requested size: 186.81354pt x 293.69002pt.

<google_user.png, id=20, 722.7pt x 1284.8pt>
File: google_user.png Graphic file (type png)
 <use google_user.png>
Package pdftex.def Info: google_user.png used on input line 129.
(pdftex.def)             Requested size: 186.81354pt x 293.69002pt.

<google_password.png, id=22, 722.7pt x 1284.8pt>
File: google_password.png Graphic file (type png)
 <use google_password.png>
Package pdftex.def Info: google_password.png used on input line 130.
(pdftex.def)             Requested size: 186.81354pt x 293.69002pt.

<progress.png, id=24, 722.7pt x 1284.8pt>
File: progress.png Graphic file (type png)
 <use progress.png>
Package pdftex.def Info: progress.png used on input line 147.
(pdftex.def)             Requested size: 186.81354pt x 293.69002pt.

<oops.png, id=26, 722.7pt x 1284.8pt>
File: oops.png Graphic file (type png)
 <use oops.png>
Package pdftex.def Info: oops.png used on input line 148.
(pdftex.def)             Requested size: 186.81354pt x 293.69002pt.

<result.png, id=28, 722.7pt x 1284.8pt>
File: result.png Graphic file (type png)
 <use result.png>
Package pdftex.def Info: result.png used on input line 149.
(pdftex.def)             Requested size: 186.81354pt x 293.69002pt.
 [2 <./greeting.png> <./enter_passcode.png> <./enter_ticker.png> <./data_info.p
ng> <./email_alert.png> <./google_user.png> <./google_password.png>] [3 <./prog
ress.png> <./oops.png> <./result.png>] (./Proposal 02_01_12.aux) ) 
Here is how much of TeX's memory you used:
 4091 strings out of 493633
 55153 string characters out of 3143378
 124087 words of memory out of 3000000
 7289 multiletter control sequences out of 15000+200000
 14180 words of font info for 36 fonts, out of 3000000 for 9000
 831 hyphenation exceptions out of 8191
 38i,9n,39p,311b,257s stack positions out of 5000i,500n,10000p,200000b,50000s
{/usr/local/t
exlive/2011/texmf-dist/fonts/enc/dvips/base/8r.enc}</usr/local/texlive/2011/tex
mf-dist/fonts/type1/public/amsfonts/cm/cmsy10.pfb></usr/local/texlive/2011/texm
f-dist/fonts/type1/urw/courier/ucrr8a.pfb></usr/local/texlive/2011/texmf-dist/f
onts/type1/urw/times/utmb8a.pfb></usr/local/texlive/2011/texmf-dist/fonts/type1
/urw/times/utmr8a.pfb>
Output written on "Proposal 02_01_12.pdf" (3 pages, 866638 bytes).
PDF statistics:
 61 PDF objects out of 1000 (max. 8388607)
 31 compressed objects within 1 object stream
 0 named destinations out of 1000 (max. 500000)
 111 words of extra memory for PDF output out of 10000 (max. 10000000)

